<?xml version="1.0" encoding="UTF-8"?>
<testsuite xmlns:xsi="http://www.w3.org/2001/XMLSchema-instance" xsi:noNamespaceSchemaLocation="https://maven.apache.org/surefire/maven-surefire-plugin/xsd/surefire-test-report-3.0.xsd" version="3.0" name="org.apache.commons.lang3.time.DateUtilsTest" time="0.114" tests="1" errors="0" skipped="0" failures="0">
  <properties>
[...]
</properties>
  <testcase name="testLANG799_EN_OK" classname="org.apache.commons.lang3.time.DateUtilsTest" time="0.038">
    <system-out><![CDATA[DateUtilsTest: Default Locale=ja_JP
]]></system-out>
  </testcase>
</testsuite>